<?xml version="1.0" encoding="UTF-8"?>
<!-- Generated by org.testng.reporters.JUnitXMLReporter -->
<testsuite hostname="DESKTOP-NASGHBL" name="Default test" tests="2" failures="0" timestamp="29 Sep 2017 23:41:10 GMT" time="3.872" errors="0">
  <testcase name="getSubjectsTest" time="1.895" classname="REST_HTTPCLIENT.HttpClient_automation.TalentScreen"/>
  <testcase name="postSubjectsTest" time="1.066" classname="REST_HTTPCLIENT.HttpClient_automation.TalentScreen"/>
</testsuite> <!-- Default test -->
