<?xml version="1.0" encoding="UTF-8"?>
<testng-results skipped="0" failed="0" total="2" passed="2">
  <reporter-output>
  </reporter-output>
  <suite name="Default suite" duration-ms="3872" started-at="2017-09-29T23:41:06Z" finished-at="2017-09-29T23:41:10Z">
    <groups>
    </groups>
    <test name="Default test" duration-ms="3872" started-at="2017-09-29T23:41:06Z" finished-at="2017-09-29T23:41:10Z">
      <class name="REST_HTTPCLIENT.HttpClient_automation.TalentScreen">
        <test-method status="PASS" signature="beforeSuite()[pri:0, instance:REST_HTTPCLIENT.HttpClient_automation.TalentScreen@1d057a39]" name="beforeSuite" is-config="true" duration-ms="78" started-at="2017-09-29T16:41:06Z" finished-at="2017-09-29T16:41:06Z">
          <reporter-output>
          </reporter-output>
        </test-method> <!-- beforeSuite -->
        <test-method status="PASS" signature="beforeClass()[pri:0, instance:REST_HTTPCLIENT.HttpClient_automation.TalentScreen@1d057a39]" name="beforeClass" is-config="true" duration-ms="891" started-at="2017-09-29T16:41:06Z" finished-at="2017-09-29T16:41:07Z">
          <reporter-output>
          </reporter-output>
        </test-method> <!-- beforeClass -->
        <test-method status="PASS" signature="getSubjectsTest()[pri:0, instance:REST_HTTPCLIENT.HttpClient_automation.TalentScreen@1d057a39]" name="getSubjectsTest" duration-ms="1895" started-at="2017-09-29T16:41:07Z" finished-at="2017-09-29T16:41:09Z">
          <reporter-output>
          </reporter-output>
        </test-method> <!-- getSubjectsTest -->
        <test-method status="PASS" signature="postSubjectsTest()[pri:0, instance:REST_HTTPCLIENT.HttpClient_automation.TalentScreen@1d057a39]" name="postSubjectsTest" duration-ms="1066" started-at="2017-09-29T16:41:09Z" finished-at="2017-09-29T16:41:10Z">
          <reporter-output>
          </reporter-output>
        </test-method> <!-- postSubjectsTest -->
      </class> <!-- REST_HTTPCLIENT.HttpClient_automation.TalentScreen -->
    </test> <!-- Default test -->
  </suite> <!-- Default suite -->
</testng-results>
